{"/home/matvp/development/opensource/stylem/babel.config.js": {"path":"/home/matvp/development/opensource/stylem/babel.config.js","statementMap":{"0":{"start":{"line":1,"column":0},"end":{"line":12,"column":2}}},"fnMap":{},"branchMap":{},"s":{"0":1},"f":{},"b":{},"_coverageSchema":"1a1c01bbd47fc00a2c39e90264f33305004495a9","hash":"24ba06e0a74c60cffb787c2eea0642d86dad79a0"}
,"/home/matvp/development/opensource/stylem/packages/babel-stylemug-plugin/src/babel.js": {"path":"/home/matvp/development/opensource/stylem/packages/babel-stylemug-plugin/src/babel.js","statementMap":{"0":{"start":{"line":1,"column":12},"end":{"line":1,"column":55}},"1":{"start":{"line":2,"column":23},"end":{"line":2,"column":60}},"2":{"start":{"line":3,"column":31},"end":{"line":3,"column":59}},"3":{"start":{"line":5,"column":0},"end":{"line":67,"column":2}},"4":{"start":{"line":6,"column":12},"end":{"line":6,"column":23}},"5":{"start":{"line":9,"column":17},"end":{"line":9,"column":39}},"6":{"start":{"line":10,"column":4},"end":{"line":10,"column":45}},"7":{"start":{"line":11,"column":4},"end":{"line":11,"column":27}},"8":{"start":{"line":14,"column":2},"end":{"line":66,"column":4}},"9":{"start":{"line":19,"column":26},"end":{"line":24,"column":10}},"10":{"start":{"line":20,"column":10},"end":{"line":23,"column":12}},"11":{"start":{"line":26,"column":8},"end":{"line":28,"column":9}},"12":{"start":{"line":27,"column":10},"end":{"line":27,"column":17}},"13":{"start":{"line":30,"column":22},"end":{"line":31,"column":50}},"14":{"start":{"line":33,"column":20},"end":{"line":33,"column":61}},"15":{"start":{"line":34,"column":8},"end":{"line":43,"column":9}},"16":{"start":{"line":35,"column":10},"end":{"line":41,"column":12}},"17":{"start":{"line":42,"column":10},"end":{"line":42,"column":17}},"18":{"start":{"line":44,"column":8},"end":{"line":44,"column":62}},"19":{"start":{"line":46,"column":26},"end":{"line":46,"column":49}},"20":{"start":{"line":47,"column":8},"end":{"line":61,"column":10}},"21":{"start":{"line":49,"column":12},"end":{"line":59,"column":14}},"22":{"start":{"line":53,"column":18},"end":{"line":56,"column":20}},"23":{"start":{"line":63,"column":8},"end":{"line":63,"column":37}}},"fnMap":{"0":{"name":"stylemugBabelPlugin","decl":{"start":{"line":5,"column":26},"end":{"line":5,"column":45}},"loc":{"start":{"line":5,"column":53},"end":{"line":67,"column":1}},"line":5},"1":{"name":"defineError","decl":{"start":{"line":8,"column":11},"end":{"line":8,"column":22}},"loc":{"start":{"line":8,"column":34},"end":{"line":12,"column":3}},"line":8},"2":{"name":"(anonymous_2)","decl":{"start":{"line":18,"column":6},"end":{"line":18,"column":7}},"loc":{"start":{"line":18,"column":30},"end":{"line":64,"column":7}},"line":18},"3":{"name":"(anonymous_3)","decl":{"start":{"line":19,"column":54},"end":{"line":19,"column":55}},"loc":{"start":{"line":19,"column":69},"end":{"line":24,"column":9}},"line":19},"4":{"name":"(anonymous_4)","decl":{"start":{"line":48,"column":36},"end":{"line":48,"column":37}},"loc":{"start":{"line":48,"column":55},"end":{"line":60,"column":11}},"line":48},"5":{"name":"(anonymous_5)","decl":{"start":{"line":52,"column":42},"end":{"line":52,"column":43}},"loc":{"start":{"line":52,"column":60},"end":{"line":57,"column":17}},"line":52}},"branchMap":{"0":{"loc":{"start":{"line":21,"column":12},"end":{"line":22,"column":56}},"type":"binary-expr","locations":[{"start":{"line":21,"column":12},"end":{"line":21,"column":48}},{"start":{"line":22,"column":12},"end":{"line":22,"column":56}}],"line":21},"1":{"loc":{"start":{"line":26,"column":8},"end":{"line":28,"column":9}},"type":"if","locations":[{"start":{"line":26,"column":8},"end":{"line":28,"column":9}},{"start":{"line":26,"column":8},"end":{"line":28,"column":9}}],"line":26},"2":{"loc":{"start":{"line":34,"column":8},"end":{"line":43,"column":9}},"type":"if","locations":[{"start":{"line":34,"column":8},"end":{"line":43,"column":9}},{"start":{"line":34,"column":8},"end":{"line":43,"column":9}}],"line":34}},"s":{"0":1,"1":1,"2":1,"3":1,"4":1,"5":1,"6":1,"7":1,"8":1,"9":3,"10":3,"11":3,"12":1,"13":2,"14":2,"15":2,"16":1,"17":1,"18":1,"19":1,"20":1,"21":1,"22":1,"23":1},"f":{"0":1,"1":1,"2":3,"3":3,"4":1,"5":1},"b":{"0":[3,2],"1":[1,2],"2":[1,1]},"_coverageSchema":"1a1c01bbd47fc00a2c39e90264f33305004495a9","hash":"c1ee464c9e9593ac577246417094887571204a00"}
,"/home/matvp/development/opensource/stylem/packages/stylemug-compiler/src/compile.js": {"path":"/home/matvp/development/opensource/stylem/packages/stylemug-compiler/src/compile.js","statementMap":{"0":{"start":{"line":1,"column":14},"end":{"line":1,"column":30}},"1":{"start":{"line":2,"column":18},"end":{"line":2,"column":40}},"2":{"start":{"line":5,"column":13},"end":{"line":5,"column":36}},"3":{"start":{"line":6,"column":18},"end":{"line":6,"column":52}},"4":{"start":{"line":7,"column":2},"end":{"line":7,"column":29}},"5":{"start":{"line":11,"column":15},"end":{"line":11,"column":17}},"6":{"start":{"line":13,"column":2},"end":{"line":55,"column":3}},"7":{"start":{"line":14,"column":18},"end":{"line":14,"column":32}},"8":{"start":{"line":16,"column":4},"end":{"line":54,"column":5}},"9":{"start":{"line":19,"column":8},"end":{"line":32,"column":9}},"10":{"start":{"line":20,"column":10},"end":{"line":23,"column":12}},"11":{"start":{"line":27,"column":24},"end":{"line":27,"column":45}},"12":{"start":{"line":28,"column":10},"end":{"line":31,"column":12}},"13":{"start":{"line":33,"column":8},"end":{"line":33,"column":17}},"14":{"start":{"line":37,"column":26},"end":{"line":37,"column":70}},"15":{"start":{"line":39,"column":22},"end":{"line":48,"column":9}},"16":{"start":{"line":50,"column":8},"end":{"line":50,"column":41}},"17":{"start":{"line":52,"column":8},"end":{"line":52,"column":34}},"18":{"start":{"line":53,"column":8},"end":{"line":53,"column":17}},"19":{"start":{"line":57,"column":2},"end":{"line":57,"column":16}},"20":{"start":{"line":61,"column":17},"end":{"line":61,"column":19}},"21":{"start":{"line":63,"column":2},"end":{"line":65,"column":3}},"22":{"start":{"line":64,"column":4},"end":{"line":64,"column":52}},"23":{"start":{"line":67,"column":2},"end":{"line":67,"column":16}},"24":{"start":{"line":70,"column":0},"end":{"line":73,"column":2}}},"fnMap":{"0":{"name":"hash","decl":{"start":{"line":4,"column":9},"end":{"line":4,"column":13}},"loc":{"start":{"line":4,"column":19},"end":{"line":8,"column":1}},"line":4},"1":{"name":"compileSelectors","decl":{"start":{"line":10,"column":9},"end":{"line":10,"column":25}},"loc":{"start":{"line":10,"column":54},"end":{"line":58,"column":1}},"line":10},"2":{"name":"compileSchema","decl":{"start":{"line":60,"column":9},"end":{"line":60,"column":22}},"loc":{"start":{"line":60,"column":31},"end":{"line":68,"column":1}},"line":60}},"branchMap":{"0":{"loc":{"start":{"line":6,"column":18},"end":{"line":6,"column":52}},"type":"binary-expr","locations":[{"start":{"line":6,"column":18},"end":{"line":6,"column":45}},{"start":{"line":6,"column":49},"end":{"line":6,"column":52}}],"line":6},"1":{"loc":{"start":{"line":16,"column":4},"end":{"line":54,"column":5}},"type":"switch","locations":[{"start":{"line":17,"column":6},"end":{"line":33,"column":17}},{"start":{"line":35,"column":6},"end":{"line":35,"column":20}},{"start":{"line":36,"column":6},"end":{"line":53,"column":17}}],"line":16},"2":{"loc":{"start":{"line":19,"column":8},"end":{"line":32,"column":9}},"type":"if","locations":[{"start":{"line":19,"column":8},"end":{"line":32,"column":9}},{"start":{"line":19,"column":8},"end":{"line":32,"column":9}}],"line":19},"3":{"loc":{"start":{"line":37,"column":57},"end":{"line":37,"column":68}},"type":"binary-expr","locations":[{"start":{"line":37,"column":57},"end":{"line":37,"column":62}},{"start":{"line":37,"column":66},"end":{"line":37,"column":68}}],"line":37}},"s":{"0":1,"1":1,"2":18,"3":18,"4":18,"5":8,"6":8,"7":11,"8":11,"9":2,"10":1,"11":1,"12":1,"13":2,"14":9,"15":9,"16":9,"17":9,"18":9,"19":8,"20":3,"21":3,"22":5,"23":3,"24":1},"f":{"0":18,"1":8,"2":3},"b":{"0":[18,0],"1":[2,1,9],"2":[1,1],"3":[9,8]},"_coverageSchema":"1a1c01bbd47fc00a2c39e90264f33305004495a9","hash":"52c8e7e9e34bcbe736cfbccbffe203ef6a51a6d6"}
,"/home/matvp/development/opensource/stylem/packages/stylemug-compiler/src/extractor.js": {"path":"/home/matvp/development/opensource/stylem/packages/stylemug-compiler/src/extractor.js","statementMap":{"0":{"start":{"line":1,"column":12},"end":{"line":1,"column":14}},"1":{"start":{"line":4,"column":2},"end":{"line":6,"column":3}},"2":{"start":{"line":5,"column":4},"end":{"line":5,"column":11}},"3":{"start":{"line":7,"column":2},"end":{"line":7,"column":26}},"4":{"start":{"line":11,"column":2},"end":{"line":11,"column":13}},"5":{"start":{"line":15,"column":2},"end":{"line":15,"column":56}},"6":{"start":{"line":19,"column":19},"end":{"line":19,"column":45}},"7":{"start":{"line":20,"column":15},"end":{"line":20,"column":56}},"8":{"start":{"line":21,"column":2},"end":{"line":21,"column":45}},"9":{"start":{"line":25,"column":16},"end":{"line":25,"column":18}},"10":{"start":{"line":26,"column":2},"end":{"line":28,"column":3}},"11":{"start":{"line":27,"column":4},"end":{"line":27,"column":56}},"12":{"start":{"line":29,"column":2},"end":{"line":29,"column":10}},"13":{"start":{"line":30,"column":2},"end":{"line":30,"column":24}},"14":{"start":{"line":33,"column":0},"end":{"line":38,"column":2}}},"fnMap":{"0":{"name":"save","decl":{"start":{"line":3,"column":9},"end":{"line":3,"column":13}},"loc":{"start":{"line":3,"column":31},"end":{"line":8,"column":1}},"line":3},"1":{"name":"clear","decl":{"start":{"line":10,"column":9},"end":{"line":10,"column":14}},"loc":{"start":{"line":10,"column":17},"end":{"line":12,"column":1}},"line":10},"2":{"name":"hyphenate","decl":{"start":{"line":14,"column":9},"end":{"line":14,"column":18}},"loc":{"start":{"line":14,"column":24},"end":{"line":16,"column":1}},"line":14},"3":{"name":"createRule","decl":{"start":{"line":18,"column":9},"end":{"line":18,"column":19}},"loc":{"start":{"line":18,"column":64},"end":{"line":22,"column":1}},"line":18},"4":{"name":"flushAsCss","decl":{"start":{"line":24,"column":9},"end":{"line":24,"column":19}},"loc":{"start":{"line":24,"column":22},"end":{"line":31,"column":1}},"line":24}},"branchMap":{"0":{"loc":{"start":{"line":4,"column":2},"end":{"line":6,"column":3}},"type":"if","locations":[{"start":{"line":4,"column":2},"end":{"line":6,"column":3}},{"start":{"line":4,"column":2},"end":{"line":6,"column":3}}],"line":4},"1":{"loc":{"start":{"line":21,"column":9},"end":{"line":21,"column":44}},"type":"cond-expr","locations":[{"start":{"line":21,"column":18},"end":{"line":21,"column":22}},{"start":{"line":21,"column":25},"end":{"line":21,"column":44}}],"line":21}},"s":{"0":2,"1":11,"2":3,"3":8,"4":1,"5":3,"6":3,"7":3,"8":3,"9":1,"10":1,"11":2,"12":1,"13":1,"14":2},"f":{"0":11,"1":1,"2":3,"3":3,"4":1},"b":{"0":[3,8],"1":[3,0]},"_coverageSchema":"1a1c01bbd47fc00a2c39e90264f33305004495a9","hash":"edd601f7b83eb5a0445d5b85943378e9fc05c006"}
,"/home/matvp/development/opensource/stylem/packages/stylemug/src/index.js": {"path":"/home/matvp/development/opensource/stylem/packages/stylemug/src/index.js","statementMap":{"0":{"start":{"line":3,"column":13},"end":{"line":3,"column":21}},"1":{"start":{"line":7,"column":4},"end":{"line":9,"column":5}},"2":{"start":{"line":8,"column":6},"end":{"line":8,"column":18}},"3":{"start":{"line":11,"column":4},"end":{"line":13,"column":5}},"4":{"start":{"line":12,"column":6},"end":{"line":12,"column":18}},"5":{"start":{"line":15,"column":21},"end":{"line":44,"column":5}},"6":{"start":{"line":16,"column":19},"end":{"line":16,"column":23}},"7":{"start":{"line":18,"column":18},"end":{"line":18,"column":35}},"8":{"start":{"line":19,"column":6},"end":{"line":41,"column":7}},"9":{"start":{"line":19,"column":19},"end":{"line":19,"column":20}},"10":{"start":{"line":20,"column":26},"end":{"line":20,"column":39}},"11":{"start":{"line":21,"column":8},"end":{"line":23,"column":9}},"12":{"start":{"line":22,"column":10},"end":{"line":22,"column":19}},"13":{"start":{"line":25,"column":21},"end":{"line":25,"column":37}},"14":{"start":{"line":27,"column":8},"end":{"line":29,"column":9}},"15":{"start":{"line":28,"column":10},"end":{"line":28,"column":31}},"16":{"start":{"line":30,"column":8},"end":{"line":40,"column":9}},"17":{"start":{"line":31,"column":10},"end":{"line":38,"column":11}},"18":{"start":{"line":32,"column":12},"end":{"line":37,"column":14}},"19":{"start":{"line":39,"column":10},"end":{"line":39,"column":39}},"20":{"start":{"line":43,"column":6},"end":{"line":43,"column":61}},"21":{"start":{"line":46,"column":4},"end":{"line":48,"column":5}},"22":{"start":{"line":47,"column":6},"end":{"line":47,"column":34}},"23":{"start":{"line":50,"column":4},"end":{"line":50,"column":20}}},"fnMap":{"0":{"name":"(anonymous_0)","decl":{"start":{"line":3,"column":13},"end":{"line":3,"column":14}},"loc":{"start":{"line":3,"column":19},"end":{"line":3,"column":21}},"line":3},"1":{"name":"(anonymous_1)","decl":{"start":{"line":6,"column":2},"end":{"line":6,"column":3}},"loc":{"start":{"line":6,"column":24},"end":{"line":51,"column":3}},"line":6},"2":{"name":"(anonymous_2)","decl":{"start":{"line":15,"column":21},"end":{"line":15,"column":22}},"loc":{"start":{"line":15,"column":40},"end":{"line":44,"column":5}},"line":15}},"branchMap":{"0":{"loc":{"start":{"line":7,"column":4},"end":{"line":9,"column":5}},"type":"if","locations":[{"start":{"line":7,"column":4},"end":{"line":9,"column":5}},{"start":{"line":7,"column":4},"end":{"line":9,"column":5}}],"line":7},"1":{"loc":{"start":{"line":7,"column":8},"end":{"line":7,"column":24}},"type":"binary-expr","locations":[{"start":{"line":7,"column":8},"end":{"line":7,"column":15}},{"start":{"line":7,"column":19},"end":{"line":7,"column":24}}],"line":7},"2":{"loc":{"start":{"line":11,"column":4},"end":{"line":13,"column":5}},"type":"if","locations":[{"start":{"line":11,"column":4},"end":{"line":13,"column":5}},{"start":{"line":11,"column":4},"end":{"line":13,"column":5}}],"line":11},"3":{"loc":{"start":{"line":21,"column":8},"end":{"line":23,"column":9}},"type":"if","locations":[{"start":{"line":21,"column":8},"end":{"line":23,"column":9}},{"start":{"line":21,"column":8},"end":{"line":23,"column":9}}],"line":21},"4":{"loc":{"start":{"line":27,"column":8},"end":{"line":29,"column":9}},"type":"if","locations":[{"start":{"line":27,"column":8},"end":{"line":29,"column":9}},{"start":{"line":27,"column":8},"end":{"line":29,"column":9}}],"line":27},"5":{"loc":{"start":{"line":30,"column":8},"end":{"line":40,"column":9}},"type":"if","locations":[{"start":{"line":30,"column":8},"end":{"line":40,"column":9}},{"start":{"line":30,"column":8},"end":{"line":40,"column":9}}],"line":30},"6":{"loc":{"start":{"line":31,"column":10},"end":{"line":38,"column":11}},"type":"if","locations":[{"start":{"line":31,"column":10},"end":{"line":38,"column":11}},{"start":{"line":31,"column":10},"end":{"line":38,"column":11}}],"line":31},"7":{"loc":{"start":{"line":31,"column":14},"end":{"line":31,"column":43}},"type":"binary-expr","locations":[{"start":{"line":31,"column":14},"end":{"line":31,"column":21}},{"start":{"line":31,"column":25},"end":{"line":31,"column":43}}],"line":31}},"s":{"0":1,"1":5,"2":1,"3":5,"4":1,"5":4,"6":4,"7":4,"8":4,"9":4,"10":7,"11":7,"12":2,"13":5,"14":5,"15":0,"16":5,"17":5,"18":1,"19":5,"20":4,"21":4,"22":7,"23":4},"f":{"0":0,"1":5,"2":4},"b":{"0":[1,4],"1":[5,5],"2":[1,4],"3":[2,5],"4":[0,5],"5":[5,0],"6":[1,4],"7":[5,5]},"_coverageSchema":"1a1c01bbd47fc00a2c39e90264f33305004495a9","hash":"ad897acab01b128c746d2c242ef312a4535ce514"}
,"/home/matvp/development/opensource/stylem/packages/stylemug/src/warn.js": {"path":"/home/matvp/development/opensource/stylem/packages/stylemug/src/warn.js","statementMap":{"0":{"start":{"line":1,"column":17},"end":{"line":1,"column":19}},"1":{"start":{"line":4,"column":2},"end":{"line":6,"column":3}},"2":{"start":{"line":5,"column":4},"end":{"line":5,"column":11}},"3":{"start":{"line":7,"column":2},"end":{"line":7,"column":24}},"4":{"start":{"line":8,"column":2},"end":{"line":8,"column":36}}},"fnMap":{"0":{"name":"warn","decl":{"start":{"line":3,"column":24},"end":{"line":3,"column":28}},"loc":{"start":{"line":3,"column":34},"end":{"line":9,"column":1}},"line":3}},"branchMap":{"0":{"loc":{"start":{"line":4,"column":2},"end":{"line":6,"column":3}},"type":"if","locations":[{"start":{"line":4,"column":2},"end":{"line":6,"column":3}},{"start":{"line":4,"column":2},"end":{"line":6,"column":3}}],"line":4}},"s":{"0":1,"1":1,"2":0,"3":1,"4":1},"f":{"0":1},"b":{"0":[0,1]},"_coverageSchema":"1a1c01bbd47fc00a2c39e90264f33305004495a9","hash":"7ec39c3673720c6064cead612d435cd380ecf63f"}
}
