TN:
SF:babel.config.js
FNF:0
FNH:0
DA:1,1
LF:1
LH:1
BRF:0
BRH:0
end_of_record
TN:
SF:packages/babel-stylemug-plugin/src/babel.js
FN:5,stylemugBabelPlugin
FN:8,defineError
FN:18,(anonymous_2)
FN:19,(anonymous_3)
FN:48,(anonymous_4)
FN:52,(anonymous_5)
FNF:6
FNH:6
FNDA:1,stylemugBabelPlugin
FNDA:1,defineError
FNDA:3,(anonymous_2)
FNDA:3,(anonymous_3)
FNDA:1,(anonymous_4)
FNDA:1,(anonymous_5)
DA:1,1
DA:2,1
DA:3,1
DA:5,1
DA:6,1
DA:9,1
DA:10,1
DA:11,1
DA:14,1
DA:19,3
DA:20,3
DA:26,3
DA:27,1
DA:30,2
DA:33,2
DA:34,2
DA:35,1
DA:42,1
DA:44,1
DA:46,1
DA:47,1
DA:49,1
DA:53,1
DA:63,1
LF:24
LH:24
BRDA:21,0,0,3
BRDA:21,0,1,2
BRDA:26,1,0,1
BRDA:26,1,1,2
BRDA:34,2,0,1
BRDA:34,2,1,1
BRF:6
BRH:6
end_of_record
TN:
SF:packages/stylemug-compiler/src/compile.js
FN:4,hash
FN:10,compileSelectors
FN:60,compileSchema
FNF:3
FNH:3
FNDA:18,hash
FNDA:8,compileSelectors
FNDA:3,compileSchema
DA:1,1
DA:2,1
DA:5,18
DA:6,18
DA:7,18
DA:11,8
DA:13,8
DA:14,11
DA:16,11
DA:19,2
DA:20,1
DA:27,1
DA:28,1
DA:33,2
DA:37,9
DA:39,9
DA:50,9
DA:52,9
DA:53,9
DA:57,8
DA:61,3
DA:63,3
DA:64,5
DA:67,3
DA:70,1
LF:25
LH:25
BRDA:6,0,0,18
BRDA:6,0,1,0
BRDA:16,1,0,2
BRDA:16,1,1,1
BRDA:16,1,2,9
BRDA:19,2,0,1
BRDA:19,2,1,1
BRDA:37,3,0,9
BRDA:37,3,1,8
BRF:9
BRH:8
end_of_record
TN:
SF:packages/stylemug-compiler/src/extractor.js
FN:3,save
FN:10,clear
FN:14,hyphenate
FN:18,createRule
FN:24,flushAsCss
FNF:5
FNH:5
FNDA:11,save
FNDA:1,clear
FNDA:3,hyphenate
FNDA:3,createRule
FNDA:1,flushAsCss
DA:1,2
DA:4,11
DA:5,3
DA:7,8
DA:11,1
DA:15,3
DA:19,3
DA:20,3
DA:21,3
DA:25,1
DA:26,1
DA:27,2
DA:29,1
DA:30,1
DA:33,2
LF:15
LH:15
BRDA:4,0,0,3
BRDA:4,0,1,8
BRDA:21,1,0,3
BRDA:21,1,1,0
BRF:4
BRH:3
end_of_record
TN:
SF:packages/stylemug/src/index.js
FN:3,(anonymous_0)
FN:6,(anonymous_1)
FN:15,(anonymous_2)
FNF:3
FNH:2
FNDA:0,(anonymous_0)
FNDA:5,(anonymous_1)
FNDA:4,(anonymous_2)
DA:3,1
DA:7,5
DA:8,1
DA:11,5
DA:12,1
DA:15,4
DA:16,4
DA:18,4
DA:19,4
DA:20,7
DA:21,7
DA:22,2
DA:25,5
DA:27,5
DA:28,0
DA:30,5
DA:31,5
DA:32,1
DA:39,5
DA:43,4
DA:46,4
DA:47,7
DA:50,4
LF:23
LH:22
BRDA:7,0,0,1
BRDA:7,0,1,4
BRDA:7,1,0,5
BRDA:7,1,1,5
BRDA:11,2,0,1
BRDA:11,2,1,4
BRDA:21,3,0,2
BRDA:21,3,1,5
BRDA:27,4,0,0
BRDA:27,4,1,5
BRDA:30,5,0,5
BRDA:30,5,1,0
BRDA:31,6,0,1
BRDA:31,6,1,4
BRDA:31,7,0,5
BRDA:31,7,1,5
BRF:16
BRH:14
end_of_record
TN:
SF:packages/stylemug/src/warn.js
FN:3,warn
FNF:1
FNH:1
FNDA:1,warn
DA:1,1
DA:4,1
DA:5,0
DA:7,1
DA:8,1
LF:5
LH:4
BRDA:4,0,0,0
BRDA:4,0,1,1
BRF:2
BRH:1
end_of_record
